# JRE version: OpenJDK Runtime Environment (8.0_292-b10) (build 1.8.0_292-b10)
# Java VM: OpenJDK 64-Bit Server VM (25.292-b10 mixed mode linux-amd64 compressed oops)
Heap:
 PSYoungGen      total 217088K, used 174516K [0x00000000f0000000, 0x0000000100000000, 0x0000000100000000)
  eden space 169984K, 94% used [0x00000000f0000000,0x00000000f9c2a948,0x00000000fa600000)
  from space 47104K, 30% used [0x00000000fd200000,0x00000000fe0428e0,0x0000000100000000)
  to   space 45056K, 0% used [0x00000000fa600000,0x00000000fa600000,0x00000000fd200000)
 ParOldGen       total 524288K, used 139100K [0x00000000d0000000, 0x00000000f0000000, 0x00000000f0000000)
  object space 524288K, 26% used [0x00000000d0000000,0x00000000d87d73a0,0x00000000f0000000)
 Metaspace       used 88698K, capacity 95514K, committed 95792K, reserved 1132544K
  class space    used 11285K, capacity 13273K, committed 13360K, reserved 1048576K
GC Heap History (10 events):
Event: 3304.091 GC heap before
{Heap before GC invocations=57 (full 3):
 PSYoungGen      total 204288K, used 162707K [0x00000000f0000000, 0x0000000100000000, 0x0000000100000000)
  eden space 148480K, 100% used [0x00000000f0000000,0x00000000f9100000,0x00000000f9100000)
  from space 55808K, 25% used [0x00000000f9100000,0x00000000f9ee4f90,0x00000000fc780000)
  to   space 53760K, 0% used [0x00000000fcb80000,0x00000000fcb80000,0x0000000100000000)
 ParOldGen       total 524288K, used 130475K [0x00000000d0000000, 0x00000000f0000000, 0x00000000f0000000)
  object space 524288K, 24% used [0x00000000d0000000,0x00000000d7f6acc8,0x00000000f0000000)
 Metaspace       used 83096K, capacity 89490K, committed 89648K, reserved 1126400K
  class space    used 10830K, capacity 12730K, committed 12848K, reserved 1048576K
Event: 3304.096 GC heap after
Heap after GC invocations=57 (full 3):
 PSYoungGen      total 209920K, used 12803K [0x00000000f0000000, 0x0000000100000000, 0x0000000100000000)
  eden space 156160K, 0% used [0x00000000f0000000,0x00000000f0000000,0x00000000f9880000)
  from space 53760K, 23% used [0x00000000fcb80000,0x00000000fd800cf0,0x0000000100000000)
  to   space 52224K, 0% used [0x00000000f9880000,0x00000000f9880000,0x00000000fcb80000)
 ParOldGen       total 524288K, used 131916K [0x00000000d0000000, 0x00000000f0000000, 0x00000000f0000000)
  object space 524288K, 25% used [0x00000000d0000000,0x00000000d80d32c0,0x00000000f0000000)
 Metaspace       used 83096K, capacity 89490K, committed 89648K, reserved 1126400K
  class space    used 10830K, capacity 12730K, committed 12848K, reserved 1048576K
}
Event: 3310.133 GC heap before
{Heap before GC invocations=58 (full 3):
 PSYoungGen      total 209920K, used 168963K [0x00000000f0000000, 0x0000000100000000, 0x0000000100000000)
  eden space 156160K, 100% used [0x00000000f0000000,0x00000000f9880000,0x00000000f9880000)
  from space 53760K, 23% used [0x00000000fcb80000,0x00000000fd800cf0,0x0000000100000000)
  to   space 52224K, 0% used [0x00000000f9880000,0x00000000f9880000,0x00000000fcb80000)
 ParOldGen       total 524288K, used 131916K [0x00000000d0000000, 0x00000000f0000000, 0x00000000f0000000)
  object space 524288K, 25% used [0x00000000d0000000,0x00000000d80d32c0,0x00000000f0000000)
 Metaspace       used 83289K, capacity 89770K, committed 89904K, reserved 1126400K
  class space    used 10881K, capacity 12804K, committed 12848K, reserved 1048576K
Event: 3310.138 GC heap after
Heap after GC invocations=58 (full 3):
 PSYoungGen      total 208384K, used 12179K [0x00000000f0000000, 0x0000000100000000, 0x0000000100000000)
  eden space 156160K, 0% used [0x00000000f0000000,0x00000000f0000000,0x00000000f9880000)
  from space 52224K, 23% used [0x00000000f9880000,0x00000000fa464d00,0x00000000fcb80000)
  to   space 50688K, 0% used [0x00000000fce80000,0x00000000fce80000,0x0000000100000000)
 ParOldGen       total 524288K, used 132761K [0x00000000d0000000, 0x00000000f0000000, 0x00000000f0000000)
  object space 524288K, 25% used [0x00000000d0000000,0x00000000d81a65b0,0x00000000f0000000)
 Metaspace       used 83289K, capacity 89770K, committed 89904K, reserved 1126400K
  class space    used 10881K, capacity 12804K, committed 12848K, reserved 1048576K
}
Event: 3348.112 GC heap before
{Heap before GC invocations=59 (full 3):
 PSYoungGen      total 208384K, used 168339K [0x00000000f0000000, 0x0000000100000000, 0x0000000100000000)
  eden space 156160K, 100% used [0x00000000f0000000,0x00000000f9880000,0x00000000f9880000)
  from space 52224K, 23% used [0x00000000f9880000,0x00000000fa464d00,0x00000000fcb80000)
  to   space 50688K, 0% used [0x00000000fce80000,0x00000000fce80000,0x0000000100000000)
 ParOldGen       total 524288K, used 132761K [0x00000000d0000000, 0x00000000f0000000, 0x00000000f0000000)
  object space 524288K, 25% used [0x00000000d0000000,0x00000000d81a65b0,0x00000000f0000000)
 Metaspace       used 83314K, capacity 89852K, committed 89904K, reserved 1126400K
  class space    used 10884K, capacity 12808K, committed 12848K, reserved 1048576K
Event: 3348.117 GC heap after
Heap after GC invocations=59 (full 3):
 PSYoungGen      total 213504K, used 12243K [0x00000000f0000000, 0x0000000100000000, 0x0000000100000000)
  eden space 162816K, 0% used [0x00000000f0000000,0x00000000f0000000,0x00000000f9f00000)
  from space 50688K, 24% used [0x00000000fce80000,0x00000000fda74d00,0x0000000100000000)
  to   space 48640K, 0% used [0x00000000f9f00000,0x00000000f9f00000,0x00000000fce80000)
 ParOldGen       total 524288K, used 133217K [0x00000000d0000000, 0x00000000f0000000, 0x00000000f0000000)
  object space 524288K, 25% used [0x00000000d0000000,0x00000000d82185b0,0x00000000f0000000)
 Metaspace       used 83314K, capacity 89852K, committed 89904K, reserved 1126400K
  class space    used 10884K, capacity 12808K, committed 12848K, reserved 1048576K
}
Event: 3493.264 GC heap before
{Heap before GC invocations=60 (full 3):
 PSYoungGen      total 213504K, used 175059K [0x00000000f0000000, 0x0000000100000000, 0x0000000100000000)
  eden space 162816K, 100% used [0x00000000f0000000,0x00000000f9f00000,0x00000000f9f00000)
  from space 50688K, 24% used [0x00000000fce80000,0x00000000fda74d00,0x0000000100000000)
  to   space 48640K, 0% used [0x00000000f9f00000,0x00000000f9f00000,0x00000000fce80000)
 ParOldGen       total 524288K, used 133217K [0x00000000d0000000, 0x00000000f0000000, 0x00000000f0000000)
  object space 524288K, 25% used [0x00000000d0000000,0x00000000d82185b0,0x00000000f0000000)
 Metaspace       used 83857K, capacity 90616K, committed 90800K, reserved 1126400K
  class space    used 10963K, capacity 12925K, committed 12976K, reserved 1048576K
Event: 3493.281 GC heap after
Heap after GC invocations=60 (full 3):
 PSYoungGen      total 211456K, used 12435K [0x00000000f0000000, 0x0000000100000000, 0x0000000100000000)
  eden space 162816K, 0% used [0x00000000f0000000,0x00000000f0000000,0x00000000f9f00000)
  from space 48640K, 25% used [0x00000000f9f00000,0x00000000fab24f88,0x00000000fce80000)
  to   space 47104K, 0% used [0x00000000fd200000,0x00000000fd200000,0x0000000100000000)
 ParOldGen       total 524288K, used 133809K [0x00000000d0000000, 0x00000000f0000000, 0x00000000f0000000)
  object space 524288K, 25% used [0x00000000d0000000,0x00000000d82ac5b0,0x00000000f0000000)
 Metaspace       used 83857K, capacity 90616K, committed 90800K, reserved 1126400K
  class space    used 10963K, capacity 12925K, committed 12976K, reserved 1048576K
}
Event: 3497.297 GC heap before
{Heap before GC invocations=61 (full 3):
 PSYoungGen      total 211456K, used 175251K [0x00000000f0000000, 0x0000000100000000, 0x0000000100000000)
  eden space 162816K, 100% used [0x00000000f0000000,0x00000000f9f00000,0x00000000f9f00000)
  from space 48640K, 25% used [0x00000000f9f00000,0x00000000fab24f88,0x00000000fce80000)
  to   space 47104K, 0% used [0x00000000fd200000,0x00000000fd200000,0x0000000100000000)
 ParOldGen       total 524288K, used 133809K [0x00000000d0000000, 0x00000000f0000000, 0x00000000f0000000)
  object space 524288K, 25% used [0x00000000d0000000,0x00000000d82ac5b0,0x00000000f0000000)
 Metaspace       used 86310K, capacity 93118K, committed 93360K, reserved 1130496K
  class space    used 11126K, capacity 13119K, committed 13232K, reserved 1048576K
Event: 3497.312 GC heap after
Heap after GC invocations=61 (full 3):
 PSYoungGen      total 217088K, used 14602K [0x00000000f0000000, 0x0000000100000000, 0x0000000100000000)
  eden space 169984K, 0% used [0x00000000f0000000,0x00000000f0000000,0x00000000fa600000)
  from space 47104K, 30% used [0x00000000fd200000,0x00000000fe0428e0,0x0000000100000000)
  to   space 45056K, 0% used [0x00000000fa600000,0x00000000fa600000,0x00000000fd200000)
 ParOldGen       total 524288K, used 139100K [0x00000000d0000000, 0x00000000f0000000, 0x00000000f0000000)
  object space 524288K, 26% used [0x00000000d0000000,0x00000000d87d73a0,0x00000000f0000000)
 Metaspace       used 86310K, capacity 93118K, committed 93360K, reserved 1130496K
  class space    used 11126K, capacity 13119K, committed 13232K, reserved 1048576K
}

